<?xml version="1.0" encoding="UTF-8"?>
<testng-results ignored="0" total="1" passed="1" failed="0" skipped="0">
  <reporter-output>
  </reporter-output>
  <suite started-at="2025-01-31T22:19:06 GMT+06:00" name="Default suite" finished-at="2025-01-31T22:20:02 GMT+06:00" duration-ms="56098">
    <groups>
    </groups>
    <test started-at="2025-01-31T22:19:06 GMT+06:00" name="Default test" finished-at="2025-01-31T22:20:02 GMT+06:00" duration-ms="56098">
      <class name="tryToTesting.SwagLabTests">
        <test-method is-config="true" signature="setUpTest()[pri:0, instance:tryToTesting.SwagLabTests@72967906]" started-at="2025-01-31T22:19:06 GMT+06:00" name="setUpTest" finished-at="2025-01-31T22:19:16 GMT+06:00" duration-ms="9401" status="PASS">
          <reporter-output>
          </reporter-output>
        </test-method> <!-- setUpTest -->
        <test-method signature="testPurchaseProduct()[pri:0, instance:tryToTesting.SwagLabTests@72967906]" started-at="2025-01-31T22:19:16 GMT+06:00" name="testPurchaseProduct" finished-at="2025-01-31T22:20:02 GMT+06:00" duration-ms="46650" status="PASS">
          <reporter-output>
          </reporter-output>
        </test-method> <!-- testPurchaseProduct -->
        <test-method is-config="true" signature="tearDownTest()[pri:0, instance:tryToTesting.SwagLabTests@72967906]" started-at="2025-01-31T22:20:02 GMT+06:00" name="tearDownTest" finished-at="2025-01-31T22:20:02 GMT+06:00" duration-ms="2" status="PASS">
          <reporter-output>
          </reporter-output>
        </test-method> <!-- tearDownTest -->
      </class> <!-- tryToTesting.SwagLabTests -->
    </test> <!-- Default test -->
  </suite> <!-- Default suite -->
</testng-results>
